[0m21:27:07.568250 [debug] [MainThread]: Sending event: {'category': 'dbt', 'action': 'invocation', 'label': 'start', 'context': [<snowplow_tracker.self_describing_json.SelfDescribingJson object at 0x1086c23c0>, <snowplow_tracker.self_describing_json.SelfDescribingJson object at 0x10994f890>, <snowplow_tracker.self_describing_json.SelfDescribingJson object at 0x10994fb10>]}


============================== 21:27:07.572488 | 62cfde0f-89cb-47c6-bc61-1d7aeb7c49c1 ==============================
[0m21:27:07.572488 [info ] [MainThread]: Running with dbt=1.9.4
[0m21:27:07.572952 [debug] [MainThread]: running dbt with arguments {'printer_width': '80', 'indirect_selection': 'eager', 'log_cache_events': 'False', 'write_json': 'True', 'partial_parse': 'True', 'cache_selected_only': 'False', 'profiles_dir': '/Users/michalowsiak/.dbt', 'fail_fast': 'False', 'warn_error': 'None', 'log_path': '/Users/michalowsiak/Documents/dev/btc-project/CRYPTO/transform/logs', 'debug': 'False', 'version_check': 'True', 'use_colors': 'True', 'use_experimental_parser': 'False', 'empty': 'None', 'quiet': 'False', 'no_print': 'None', 'log_format': 'default', 'invocation_command': 'dbt debug', 'static_parser': 'True', 'introspect': 'True', 'target_path': 'None', 'warn_error_options': 'WarnErrorOptions(include=[], exclude=[])', 'send_anonymous_usage_stats': 'True'}
[0m21:27:07.587077 [info ] [MainThread]: dbt version: 1.9.4
[0m21:27:07.587556 [info ] [MainThread]: python version: 3.13.7
[0m21:27:07.587774 [info ] [MainThread]: python path: /Users/michalowsiak/Documents/dev/btc-project/venv/bin/python3.13
[0m21:27:07.587953 [info ] [MainThread]: os info: macOS-26.1-arm64-arm-64bit-Mach-O
[0m21:27:07.887763 [info ] [MainThread]: Using profiles dir at /Users/michalowsiak/.dbt
[0m21:27:07.888407 [info ] [MainThread]: Using profiles.yml file at /Users/michalowsiak/.dbt/profiles.yml
[0m21:27:07.888628 [info ] [MainThread]: Using dbt_project.yml file at /Users/michalowsiak/Documents/dev/btc-project/CRYPTO/transform/dbt_project.yml
[0m21:27:07.889340 [info ] [MainThread]: adapter type: snowflake
[0m21:27:07.889662 [info ] [MainThread]: adapter version: 1.9.4
[0m21:27:08.006929 [info ] [MainThread]: Configuration:
[0m21:27:08.007305 [info ] [MainThread]:   profiles.yml file [[32mOK found and valid[0m]
[0m21:27:08.007518 [info ] [MainThread]:   dbt_project.yml file [[32mOK found and valid[0m]
[0m21:27:08.007695 [info ] [MainThread]: Required dependencies:
[0m21:27:08.007988 [debug] [MainThread]: Executing "git --help"
[0m21:27:08.019560 [debug] [MainThread]: STDOUT: "b"usage: git [-v | --version] [-h | --help] [-C <path>] [-c <name>=<value>]\n           [--exec-path[=<path>]] [--html-path] [--man-path] [--info-path]\n           [-p | --paginate | -P | --no-pager] [--no-replace-objects] [--no-lazy-fetch]\n           [--no-optional-locks] [--no-advice] [--bare] [--git-dir=<path>]\n           [--work-tree=<path>] [--namespace=<name>] [--config-env=<name>=<envvar>]\n           <command> [<args>]\n\nThese are common Git commands used in various situations:\n\nstart a working area (see also: git help tutorial)\n   clone      Clone a repository into a new directory\n   init       Create an empty Git repository or reinitialize an existing one\n\nwork on the current change (see also: git help everyday)\n   add        Add file contents to the index\n   mv         Move or rename a file, a directory, or a symlink\n   restore    Restore working tree files\n   rm         Remove files from the working tree and from the index\n\nexamine the history and state (see also: git help revisions)\n   bisect     Use binary search to find the commit that introduced a bug\n   diff       Show changes between commits, commit and working tree, etc\n   grep       Print lines matching a pattern\n   log        Show commit logs\n   show       Show various types of objects\n   status     Show the working tree status\n\ngrow, mark and tweak your common history\n   backfill   Download missing objects in a partial clone\n   branch     List, create, or delete branches\n   commit     Record changes to the repository\n   merge      Join two or more development histories together\n   rebase     Reapply commits on top of another base tip\n   reset      Reset current HEAD to the specified state\n   switch     Switch branches\n   tag        Create, list, delete or verify a tag object signed with GPG\n\ncollaborate (see also: git help workflows)\n   fetch      Download objects and refs from another repository\n   pull       Fetch from and integrate with another repository or a local branch\n   push       Update remote refs along with associated objects\n\n'git help -a' and 'git help -g' list available subcommands and some\nconcept guides. See 'git help <command>' or 'git help <concept>'\nto read about a specific subcommand or concept.\nSee 'git help git' for an overview of the system.\n""
[0m21:27:08.020380 [debug] [MainThread]: STDERR: "b''"
[0m21:27:08.020654 [info ] [MainThread]:  - git [[32mOK found[0m]

[0m21:27:08.020877 [info ] [MainThread]: Connection:
[0m21:27:08.021122 [info ] [MainThread]:   account: JUBSITP-JAB51845
[0m21:27:08.021295 [info ] [MainThread]:   user: ADMIN
[0m21:27:08.021459 [info ] [MainThread]:   database: CRYPTO
[0m21:27:08.021616 [info ] [MainThread]:   warehouse: LARGE_WH
[0m21:27:08.021779 [info ] [MainThread]:   role: ACCOUNTADMIN
[0m21:27:08.021941 [info ] [MainThread]:   schema: DBT_MICOWS
[0m21:27:08.022102 [info ] [MainThread]:   authenticator: None
[0m21:27:08.022260 [info ] [MainThread]:   oauth_client_id: None
[0m21:27:08.022417 [info ] [MainThread]:   query_tag: None
[0m21:27:08.022577 [info ] [MainThread]:   client_session_keep_alive: False
[0m21:27:08.022739 [info ] [MainThread]:   host: None
[0m21:27:08.022948 [info ] [MainThread]:   port: None
[0m21:27:08.023324 [info ] [MainThread]:   proxy_host: None
[0m21:27:08.023605 [info ] [MainThread]:   proxy_port: None
[0m21:27:08.023787 [info ] [MainThread]:   protocol: None
[0m21:27:08.023952 [info ] [MainThread]:   connect_retries: 1
[0m21:27:08.024112 [info ] [MainThread]:   connect_timeout: None
[0m21:27:08.024269 [info ] [MainThread]:   retry_on_database_errors: False
[0m21:27:08.024433 [info ] [MainThread]:   retry_all: False
[0m21:27:08.024587 [info ] [MainThread]:   insecure_mode: False
[0m21:27:08.024742 [info ] [MainThread]:   reuse_connections: True
[0m21:27:08.025227 [info ] [MainThread]: Registered adapter: snowflake=1.9.4
[0m21:27:08.105897 [debug] [MainThread]: Acquiring new snowflake connection 'debug'
[0m21:27:08.157438 [debug] [MainThread]: Using snowflake connection "debug"
[0m21:27:08.157811 [debug] [MainThread]: On debug: select 1 as id
[0m21:27:08.158017 [debug] [MainThread]: Opening a new connection, currently in state init
[0m21:27:11.935608 [debug] [MainThread]: SQL status: SUCCESS 1 in 3.777 seconds
[0m21:27:11.938337 [info ] [MainThread]:   Connection test: [[32mOK connection ok[0m]

[0m21:27:11.939086 [info ] [MainThread]: [32mAll checks passed![0m
[0m21:27:11.945250 [debug] [MainThread]: Resource report: {"command_name": "debug", "command_success": true, "command_wall_clock_time": 4.426798, "process_in_blocks": "0", "process_kernel_time": 0.388887, "process_mem_max_rss": "162824192", "process_out_blocks": "0", "process_user_time": 1.518437}
[0m21:27:11.945959 [debug] [MainThread]: Command `dbt debug` succeeded at 21:27:11.945811 after 4.43 seconds
[0m21:27:11.946444 [debug] [MainThread]: Connection 'debug' was left open.
[0m21:27:11.946788 [debug] [MainThread]: On debug: Close
[0m21:27:12.567753 [debug] [MainThread]: Sending event: {'category': 'dbt', 'action': 'invocation', 'label': 'end', 'context': [<snowplow_tracker.self_describing_json.SelfDescribingJson object at 0x10a86f230>, <snowplow_tracker.self_describing_json.SelfDescribingJson object at 0x1110883b0>, <snowplow_tracker.self_describing_json.SelfDescribingJson object at 0x10a61fdf0>]}
[0m21:27:12.568791 [debug] [MainThread]: Flushing usage events
[0m21:27:13.464070 [debug] [MainThread]: An error was encountered while trying to flush usage events
[0m21:27:18.636143 [debug] [MainThread]: Sending event: {'category': 'dbt', 'action': 'invocation', 'label': 'start', 'context': [<snowplow_tracker.self_describing_json.SelfDescribingJson object at 0x107b763c0>, <snowplow_tracker.self_describing_json.SelfDescribingJson object at 0x108e23890>, <snowplow_tracker.self_describing_json.SelfDescribingJson object at 0x108e23b10>]}


============================== 21:27:18.639591 | 6f8b2d5f-0649-4867-9f5c-6239587cf8b3 ==============================
[0m21:27:18.639591 [info ] [MainThread]: Running with dbt=1.9.4
[0m21:27:18.640105 [debug] [MainThread]: running dbt with arguments {'printer_width': '80', 'indirect_selection': 'eager', 'log_cache_events': 'False', 'write_json': 'True', 'partial_parse': 'True', 'cache_selected_only': 'False', 'warn_error': 'None', 'debug': 'False', 'profiles_dir': '/Users/michalowsiak/.dbt', 'log_path': '/Users/michalowsiak/Documents/dev/btc-project/CRYPTO/transform/logs', 'version_check': 'True', 'fail_fast': 'False', 'use_colors': 'True', 'use_experimental_parser': 'False', 'empty': 'False', 'quiet': 'False', 'no_print': 'None', 'log_format': 'default', 'static_parser': 'True', 'warn_error_options': 'WarnErrorOptions(include=[], exclude=[])', 'introspect': 'True', 'target_path': 'None', 'invocation_command': 'dbt run', 'send_anonymous_usage_stats': 'True'}
[0m21:27:18.968386 [debug] [MainThread]: Sending event: {'category': 'dbt', 'action': 'project_id', 'label': '6f8b2d5f-0649-4867-9f5c-6239587cf8b3', 'context': [<snowplow_tracker.self_describing_json.SelfDescribingJson object at 0x10834cb00>]}
[0m21:27:19.004804 [debug] [MainThread]: Sending event: {'category': 'dbt', 'action': 'adapter_info', 'label': '6f8b2d5f-0649-4867-9f5c-6239587cf8b3', 'context': [<snowplow_tracker.self_describing_json.SelfDescribingJson object at 0x1099dfdf0>]}
[0m21:27:19.005550 [info ] [MainThread]: Registered adapter: snowflake=1.9.4
[0m21:27:19.090273 [debug] [MainThread]: checksum: b5597158181700c50f5bc1c71fe28b37a6fb85633dc5323885263678b6bc782c, vars: {}, profile: , target: , version: 1.9.4
[0m21:27:19.091011 [info ] [MainThread]: Unable to do partial parsing because saved manifest not found. Starting full parse.
[0m21:27:19.091281 [debug] [MainThread]: Sending event: {'category': 'dbt', 'action': 'partial_parser', 'label': '6f8b2d5f-0649-4867-9f5c-6239587cf8b3', 'context': [<snowplow_tracker.self_describing_json.SelfDescribingJson object at 0x109a02450>]}
[0m21:27:20.137196 [debug] [MainThread]: [[33mWARNING[0m]: Test 'test.crypto.assert_valid_btc_address_btc_whale_alert_v1_output_address.edac9262e6' (models/schema.yml) depends on a node named 'btc_whale_alert' which is disabled
[0m21:27:20.198074 [debug] [MainThread]: Sending event: {'category': 'dbt', 'action': 'load_project', 'label': '6f8b2d5f-0649-4867-9f5c-6239587cf8b3', 'context': [<snowplow_tracker.self_describing_json.SelfDescribingJson object at 0x109efec60>]}
[0m21:27:20.267524 [debug] [MainThread]: Wrote artifact WritableManifest to /Users/michalowsiak/Documents/dev/btc-project/CRYPTO/transform/target/manifest.json
[0m21:27:20.277235 [debug] [MainThread]: Wrote artifact SemanticManifest to /Users/michalowsiak/Documents/dev/btc-project/CRYPTO/transform/target/semantic_manifest.json
[0m21:27:20.291230 [debug] [MainThread]: Sending event: {'category': 'dbt', 'action': 'resource_counts', 'label': '6f8b2d5f-0649-4867-9f5c-6239587cf8b3', 'context': [<snowplow_tracker.self_describing_json.SelfDescribingJson object at 0x10ae2ea50>]}
[0m21:27:20.291691 [info ] [MainThread]: Found 8 models, 1 seed, 3 data tests, 2 sources, 596 macros
[0m21:27:20.291941 [debug] [MainThread]: Sending event: {'category': 'dbt', 'action': 'runnable_timing', 'label': '6f8b2d5f-0649-4867-9f5c-6239587cf8b3', 'context': [<snowplow_tracker.self_describing_json.SelfDescribingJson object at 0x10ae49980>]}
[0m21:27:20.293574 [info ] [MainThread]: 
[0m21:27:20.293849 [info ] [MainThread]: Concurrency: 1 threads (target='dev')
[0m21:27:20.294044 [info ] [MainThread]: 
[0m21:27:20.294422 [debug] [MainThread]: Acquiring new snowflake connection 'master'
[0m21:27:20.295356 [debug] [ThreadPool]: Acquiring new snowflake connection 'list_CRYPTO'
[0m21:27:20.337788 [debug] [ThreadPool]: Using snowflake connection "list_CRYPTO"
[0m21:27:20.338147 [debug] [ThreadPool]: On list_CRYPTO: /* {"app": "dbt", "dbt_version": "1.9.4", "profile_name": "CRYPTO", "target_name": "dev", "connection_name": "list_CRYPTO"} */
show terse schemas in database CRYPTO
    limit 10000
[0m21:27:20.338353 [debug] [ThreadPool]: Opening a new connection, currently in state init
[0m21:27:24.095331 [debug] [ThreadPool]: SQL status: SUCCESS 6 in 3.757 seconds
[0m21:27:24.098613 [debug] [ThreadPool]: Re-using an available connection from the pool (formerly list_CRYPTO, now list_CRYPTO_DBT_MICOWS)
[0m21:27:24.107538 [debug] [ThreadPool]: Using snowflake connection "list_CRYPTO_DBT_MICOWS"
[0m21:27:24.107806 [debug] [ThreadPool]: On list_CRYPTO_DBT_MICOWS: /* {"app": "dbt", "dbt_version": "1.9.4", "profile_name": "CRYPTO", "target_name": "dev", "connection_name": "list_CRYPTO_DBT_MICOWS"} */
alter session set quoted_identifiers_ignore_case = false;
[0m21:27:24.597904 [debug] [ThreadPool]: SQL status: SUCCESS 1 in 0.490 seconds
[0m21:27:24.601538 [debug] [ThreadPool]: Using snowflake connection "list_CRYPTO_DBT_MICOWS"
[0m21:27:24.601871 [debug] [ThreadPool]: On list_CRYPTO_DBT_MICOWS: /* {"app": "dbt", "dbt_version": "1.9.4", "profile_name": "CRYPTO", "target_name": "dev", "connection_name": "list_CRYPTO_DBT_MICOWS"} */
show objects in CRYPTO.DBT_MICOWS
    limit 10000
    
;
[0m21:27:24.994984 [debug] [ThreadPool]: SQL status: SUCCESS 9 in 0.393 seconds
[0m21:27:24.997895 [debug] [ThreadPool]: Using snowflake connection "list_CRYPTO_DBT_MICOWS"
[0m21:27:24.998279 [debug] [ThreadPool]: On list_CRYPTO_DBT_MICOWS: /* {"app": "dbt", "dbt_version": "1.9.4", "profile_name": "CRYPTO", "target_name": "dev", "connection_name": "list_CRYPTO_DBT_MICOWS"} */
alter session unset quoted_identifiers_ignore_case;
[0m21:27:25.372571 [debug] [ThreadPool]: SQL status: SUCCESS 1 in 0.374 seconds
[0m21:27:25.376914 [debug] [MainThread]: Sending event: {'category': 'dbt', 'action': 'runnable_timing', 'label': '6f8b2d5f-0649-4867-9f5c-6239587cf8b3', 'context': [<snowplow_tracker.self_describing_json.SelfDescribingJson object at 0x10b38d310>]}
[0m21:27:25.380823 [debug] [Thread-1 (]: Began running node model.crypto.stg_btc_base
[0m21:27:25.381482 [info ] [Thread-1 (]: 1 of 7 START sql incremental model DBT_MICOWS.stg_btc_base ..................... [RUN]
[0m21:27:25.381964 [debug] [Thread-1 (]: Re-using an available connection from the pool (formerly list_CRYPTO_DBT_MICOWS, now model.crypto.stg_btc_base)
[0m21:27:25.382308 [debug] [Thread-1 (]: Began compiling node model.crypto.stg_btc_base
[0m21:27:25.395215 [debug] [Thread-1 (]: Writing injected SQL for node "model.crypto.stg_btc_base"
[0m21:27:25.397068 [debug] [Thread-1 (]: Began executing node model.crypto.stg_btc_base
[0m21:27:25.431188 [debug] [Thread-1 (]: Using snowflake connection "model.crypto.stg_btc_base"
[0m21:27:25.431622 [debug] [Thread-1 (]: On model.crypto.stg_btc_base: /* {"app": "dbt", "dbt_version": "1.9.4", "profile_name": "CRYPTO", "target_name": "dev", "node_id": "model.crypto.stg_btc_base"} */
create or replace  temporary view CRYPTO.DBT_MICOWS.stg_btc_base__dbt_tmp
  
   as (
    

select *
from crypto.btc.transactions



where block_timestamp > (
    select max(block_timestamp)
    from CRYPTO.DBT_MICOWS.stg_btc_base
)


  );
[0m21:27:26.377035 [debug] [Thread-1 (]: SQL status: SUCCESS 1 in 0.945 seconds
[0m21:27:26.388983 [debug] [Thread-1 (]: Using snowflake connection "model.crypto.stg_btc_base"
[0m21:27:26.389672 [debug] [Thread-1 (]: On model.crypto.stg_btc_base: /* {"app": "dbt", "dbt_version": "1.9.4", "profile_name": "CRYPTO", "target_name": "dev", "node_id": "model.crypto.stg_btc_base"} */
describe table CRYPTO.DBT_MICOWS.stg_btc_base__dbt_tmp
[0m21:27:26.783931 [debug] [Thread-1 (]: SQL status: SUCCESS 10 in 0.394 seconds
[0m21:27:26.790776 [debug] [Thread-1 (]: Using snowflake connection "model.crypto.stg_btc_base"
[0m21:27:26.791468 [debug] [Thread-1 (]: On model.crypto.stg_btc_base: /* {"app": "dbt", "dbt_version": "1.9.4", "profile_name": "CRYPTO", "target_name": "dev", "node_id": "model.crypto.stg_btc_base"} */
describe table CRYPTO.DBT_MICOWS.stg_btc_base
[0m21:27:27.095112 [debug] [Thread-1 (]: SQL status: SUCCESS 10 in 0.303 seconds
[0m21:27:27.105798 [debug] [Thread-1 (]: Using snowflake connection "model.crypto.stg_btc_base"
[0m21:27:27.106402 [debug] [Thread-1 (]: On model.crypto.stg_btc_base: /* {"app": "dbt", "dbt_version": "1.9.4", "profile_name": "CRYPTO", "target_name": "dev", "node_id": "model.crypto.stg_btc_base"} */
describe table "CRYPTO"."DBT_MICOWS"."STG_BTC_BASE"
[0m21:27:27.428285 [debug] [Thread-1 (]: SQL status: SUCCESS 10 in 0.321 seconds
[0m21:27:27.464480 [debug] [Thread-1 (]: Writing runtime sql for node "model.crypto.stg_btc_base"
[0m21:27:27.466233 [debug] [Thread-1 (]: Using snowflake connection "model.crypto.stg_btc_base"
[0m21:27:27.466502 [debug] [Thread-1 (]: On model.crypto.stg_btc_base: /* {"app": "dbt", "dbt_version": "1.9.4", "profile_name": "CRYPTO", "target_name": "dev", "node_id": "model.crypto.stg_btc_base"} */
-- back compat for old kwarg name
  
  begin;
[0m21:27:27.958433 [debug] [Thread-1 (]: SQL status: SUCCESS 1 in 0.492 seconds
[0m21:27:27.959252 [debug] [Thread-1 (]: Using snowflake connection "model.crypto.stg_btc_base"
[0m21:27:27.959759 [debug] [Thread-1 (]: On model.crypto.stg_btc_base: /* {"app": "dbt", "dbt_version": "1.9.4", "profile_name": "CRYPTO", "target_name": "dev", "node_id": "model.crypto.stg_btc_base"} */
merge into CRYPTO.DBT_MICOWS.stg_btc_base as DBT_INTERNAL_DEST
        using CRYPTO.DBT_MICOWS.stg_btc_base__dbt_tmp as DBT_INTERNAL_SOURCE
        on ((DBT_INTERNAL_SOURCE.HASH_KEY = DBT_INTERNAL_DEST.HASH_KEY))

    
    when matched then update set
        "HASH_KEY" = DBT_INTERNAL_SOURCE."HASH_KEY","BLOCK_HASH" = DBT_INTERNAL_SOURCE."BLOCK_HASH","BLOCK_NUMBER" = DBT_INTERNAL_SOURCE."BLOCK_NUMBER","BLOCK_TIMESTAMP" = DBT_INTERNAL_SOURCE."BLOCK_TIMESTAMP","FEE" = DBT_INTERNAL_SOURCE."FEE","INPUT_VALUE" = DBT_INTERNAL_SOURCE."INPUT_VALUE","OUTPUT_VALUE" = DBT_INTERNAL_SOURCE."OUTPUT_VALUE","FEE_PER_BYTE" = DBT_INTERNAL_SOURCE."FEE_PER_BYTE","IS_COINBASE" = DBT_INTERNAL_SOURCE."IS_COINBASE","OUTPUTS" = DBT_INTERNAL_SOURCE."OUTPUTS"
    

    when not matched then insert
        ("HASH_KEY", "BLOCK_HASH", "BLOCK_NUMBER", "BLOCK_TIMESTAMP", "FEE", "INPUT_VALUE", "OUTPUT_VALUE", "FEE_PER_BYTE", "IS_COINBASE", "OUTPUTS")
    values
        ("HASH_KEY", "BLOCK_HASH", "BLOCK_NUMBER", "BLOCK_TIMESTAMP", "FEE", "INPUT_VALUE", "OUTPUT_VALUE", "FEE_PER_BYTE", "IS_COINBASE", "OUTPUTS")

;
[0m21:27:30.560074 [debug] [Thread-1 (]: SQL status: SUCCESS 0 in 2.600 seconds
[0m21:27:30.561024 [debug] [Thread-1 (]: Using snowflake connection "model.crypto.stg_btc_base"
[0m21:27:30.561490 [debug] [Thread-1 (]: On model.crypto.stg_btc_base: /* {"app": "dbt", "dbt_version": "1.9.4", "profile_name": "CRYPTO", "target_name": "dev", "node_id": "model.crypto.stg_btc_base"} */
COMMIT
[0m21:27:31.230013 [debug] [Thread-1 (]: SQL status: SUCCESS 1 in 0.668 seconds
[0m21:27:31.236354 [debug] [Thread-1 (]: Applying DROP to: CRYPTO.DBT_MICOWS.stg_btc_base__dbt_tmp
[0m21:27:31.240774 [debug] [Thread-1 (]: Using snowflake connection "model.crypto.stg_btc_base"
[0m21:27:31.241022 [debug] [Thread-1 (]: On model.crypto.stg_btc_base: /* {"app": "dbt", "dbt_version": "1.9.4", "profile_name": "CRYPTO", "target_name": "dev", "node_id": "model.crypto.stg_btc_base"} */
drop view if exists CRYPTO.DBT_MICOWS.stg_btc_base__dbt_tmp cascade
[0m21:27:31.821561 [debug] [Thread-1 (]: SQL status: SUCCESS 1 in 0.580 seconds
[0m21:27:31.844325 [debug] [Thread-1 (]: Sending event: {'category': 'dbt', 'action': 'run_model', 'label': '6f8b2d5f-0649-4867-9f5c-6239587cf8b3', 'context': [<snowplow_tracker.self_describing_json.SelfDescribingJson object at 0x110d2b3e0>]}
[0m21:27:31.844901 [info ] [Thread-1 (]: 1 of 7 OK created sql incremental model DBT_MICOWS.stg_btc_base ................ [[32mSUCCESS 0[0m in 6.46s]
[0m21:27:31.845350 [debug] [Thread-1 (]: Finished running node model.crypto.stg_btc_base
[0m21:27:31.845622 [debug] [Thread-1 (]: Began running node model.crypto.stg_eth_base
[0m21:27:31.846076 [info ] [Thread-1 (]: 2 of 7 START sql incremental model DBT_MICOWS.stg_eth_base ..................... [RUN]
[0m21:27:31.846510 [debug] [Thread-1 (]: Re-using an available connection from the pool (formerly model.crypto.stg_btc_base, now model.crypto.stg_eth_base)
[0m21:27:31.846757 [debug] [Thread-1 (]: Began compiling node model.crypto.stg_eth_base
[0m21:27:31.849540 [debug] [Thread-1 (]: Writing injected SQL for node "model.crypto.stg_eth_base"
[0m21:27:31.850225 [debug] [Thread-1 (]: Began executing node model.crypto.stg_eth_base
[0m21:27:31.853197 [debug] [Thread-1 (]: Using snowflake connection "model.crypto.stg_eth_base"
[0m21:27:31.853548 [debug] [Thread-1 (]: On model.crypto.stg_eth_base: /* {"app": "dbt", "dbt_version": "1.9.4", "profile_name": "CRYPTO", "target_name": "dev", "node_id": "model.crypto.stg_eth_base"} */
create or replace  temporary view CRYPTO.DBT_MICOWS.stg_eth_base__dbt_tmp
  
   as (
    

select
    src.payload:hash::varchar as hash_key,
    src.payload:block_number::number as block_number,
    src.payload:block_timestamp::timestamp_ntz as block_timestamp,
    src.payload:to_address::varchar as to_address,
    src.payload:value::float as value_wei
from crypto.eth.transactions_raw src



where src.payload:block_timestamp::timestamp_ntz > (
    select max(block_timestamp)
    from CRYPTO.DBT_MICOWS.stg_eth_base
)


  );
[0m21:27:32.580190 [debug] [Thread-1 (]: SQL status: SUCCESS 1 in 0.726 seconds
[0m21:27:32.584922 [debug] [Thread-1 (]: Using snowflake connection "model.crypto.stg_eth_base"
[0m21:27:32.585589 [debug] [Thread-1 (]: On model.crypto.stg_eth_base: /* {"app": "dbt", "dbt_version": "1.9.4", "profile_name": "CRYPTO", "target_name": "dev", "node_id": "model.crypto.stg_eth_base"} */
describe table CRYPTO.DBT_MICOWS.stg_eth_base__dbt_tmp
[0m21:27:33.373923 [debug] [Thread-1 (]: SQL status: SUCCESS 5 in 0.787 seconds
[0m21:27:33.379108 [debug] [Thread-1 (]: Using snowflake connection "model.crypto.stg_eth_base"
[0m21:27:33.379555 [debug] [Thread-1 (]: On model.crypto.stg_eth_base: /* {"app": "dbt", "dbt_version": "1.9.4", "profile_name": "CRYPTO", "target_name": "dev", "node_id": "model.crypto.stg_eth_base"} */
describe table CRYPTO.DBT_MICOWS.stg_eth_base
[0m21:27:34.183750 [debug] [Thread-1 (]: SQL status: SUCCESS 5 in 0.804 seconds
[0m21:27:34.189579 [debug] [Thread-1 (]: Using snowflake connection "model.crypto.stg_eth_base"
[0m21:27:34.189948 [debug] [Thread-1 (]: On model.crypto.stg_eth_base: /* {"app": "dbt", "dbt_version": "1.9.4", "profile_name": "CRYPTO", "target_name": "dev", "node_id": "model.crypto.stg_eth_base"} */
describe table "CRYPTO"."DBT_MICOWS"."STG_ETH_BASE"
[0m21:27:34.928014 [debug] [Thread-1 (]: SQL status: SUCCESS 5 in 0.737 seconds
[0m21:27:34.933527 [debug] [Thread-1 (]: Writing runtime sql for node "model.crypto.stg_eth_base"
[0m21:27:34.935072 [debug] [Thread-1 (]: Using snowflake connection "model.crypto.stg_eth_base"
[0m21:27:34.935397 [debug] [Thread-1 (]: On model.crypto.stg_eth_base: /* {"app": "dbt", "dbt_version": "1.9.4", "profile_name": "CRYPTO", "target_name": "dev", "node_id": "model.crypto.stg_eth_base"} */
-- back compat for old kwarg name
  
  begin;
[0m21:27:35.461749 [debug] [Thread-1 (]: SQL status: SUCCESS 1 in 0.526 seconds
[0m21:27:35.462878 [debug] [Thread-1 (]: Using snowflake connection "model.crypto.stg_eth_base"
[0m21:27:35.463618 [debug] [Thread-1 (]: On model.crypto.stg_eth_base: /* {"app": "dbt", "dbt_version": "1.9.4", "profile_name": "CRYPTO", "target_name": "dev", "node_id": "model.crypto.stg_eth_base"} */
merge into CRYPTO.DBT_MICOWS.stg_eth_base as DBT_INTERNAL_DEST
        using CRYPTO.DBT_MICOWS.stg_eth_base__dbt_tmp as DBT_INTERNAL_SOURCE
        on ((DBT_INTERNAL_SOURCE.hash_key = DBT_INTERNAL_DEST.hash_key))

    
    when matched then update set
        "HASH_KEY" = DBT_INTERNAL_SOURCE."HASH_KEY","BLOCK_NUMBER" = DBT_INTERNAL_SOURCE."BLOCK_NUMBER","BLOCK_TIMESTAMP" = DBT_INTERNAL_SOURCE."BLOCK_TIMESTAMP","TO_ADDRESS" = DBT_INTERNAL_SOURCE."TO_ADDRESS","VALUE_WEI" = DBT_INTERNAL_SOURCE."VALUE_WEI"
    

    when not matched then insert
        ("HASH_KEY", "BLOCK_NUMBER", "BLOCK_TIMESTAMP", "TO_ADDRESS", "VALUE_WEI")
    values
        ("HASH_KEY", "BLOCK_NUMBER", "BLOCK_TIMESTAMP", "TO_ADDRESS", "VALUE_WEI")

;
[0m21:27:36.735245 [debug] [Thread-1 (]: SQL status: SUCCESS 0 in 1.271 seconds
[0m21:27:36.736507 [debug] [Thread-1 (]: Using snowflake connection "model.crypto.stg_eth_base"
[0m21:27:36.736947 [debug] [Thread-1 (]: On model.crypto.stg_eth_base: /* {"app": "dbt", "dbt_version": "1.9.4", "profile_name": "CRYPTO", "target_name": "dev", "node_id": "model.crypto.stg_eth_base"} */
COMMIT
[0m21:27:37.688144 [debug] [Thread-1 (]: SQL status: SUCCESS 1 in 0.951 seconds
[0m21:27:37.692907 [debug] [Thread-1 (]: Applying DROP to: CRYPTO.DBT_MICOWS.stg_eth_base__dbt_tmp
[0m21:27:37.693903 [debug] [Thread-1 (]: Using snowflake connection "model.crypto.stg_eth_base"
[0m21:27:37.694239 [debug] [Thread-1 (]: On model.crypto.stg_eth_base: /* {"app": "dbt", "dbt_version": "1.9.4", "profile_name": "CRYPTO", "target_name": "dev", "node_id": "model.crypto.stg_eth_base"} */
drop view if exists CRYPTO.DBT_MICOWS.stg_eth_base__dbt_tmp cascade
[0m21:27:38.426618 [debug] [Thread-1 (]: SQL status: SUCCESS 1 in 0.732 seconds
[0m21:27:38.429883 [debug] [Thread-1 (]: Sending event: {'category': 'dbt', 'action': 'run_model', 'label': '6f8b2d5f-0649-4867-9f5c-6239587cf8b3', 'context': [<snowplow_tracker.self_describing_json.SelfDescribingJson object at 0x110df60d0>]}
[0m21:27:38.430715 [info ] [Thread-1 (]: 2 of 7 OK created sql incremental model DBT_MICOWS.stg_eth_base ................ [[32mSUCCESS 0[0m in 6.58s]
[0m21:27:38.431304 [debug] [Thread-1 (]: Finished running node model.crypto.stg_eth_base
[0m21:27:38.431727 [debug] [Thread-1 (]: Began running node model.crypto.stg_btc_outputs
[0m21:27:38.432354 [info ] [Thread-1 (]: 3 of 7 START sql incremental model DBT_MICOWS.stg_btc_outputs .................. [RUN]
[0m21:27:38.433010 [debug] [Thread-1 (]: Re-using an available connection from the pool (formerly model.crypto.stg_eth_base, now model.crypto.stg_btc_outputs)
[0m21:27:38.433396 [debug] [Thread-1 (]: Began compiling node model.crypto.stg_btc_outputs
[0m21:27:38.438610 [debug] [Thread-1 (]: Writing injected SQL for node "model.crypto.stg_btc_outputs"
[0m21:27:38.439807 [debug] [Thread-1 (]: Began executing node model.crypto.stg_btc_outputs
[0m21:27:38.444473 [debug] [Thread-1 (]: Using snowflake connection "model.crypto.stg_btc_outputs"
[0m21:27:38.445024 [debug] [Thread-1 (]: On model.crypto.stg_btc_outputs: /* {"app": "dbt", "dbt_version": "1.9.4", "profile_name": "CRYPTO", "target_name": "dev", "node_id": "model.crypto.stg_btc_outputs"} */
create or replace  temporary view CRYPTO.DBT_MICOWS.stg_btc_outputs__dbt_tmp
  
   as (
    

with flattened_outputs as (

    select
        stg.hash_key,
        stg.block_number,
        stg.block_timestamp,
        stg.is_coinbase,
        f.value:address::string as output_address,
        f.value:value::float as output_value
    from CRYPTO.DBT_MICOWS.stg_btc_base stg, 
        lateral flatten(input => stg.outputs) f
    where 
        f.value:address is not null

    

    and stg.block_timestamp > (
        select max(block_timestamp)
        from CRYPTO.DBT_MICOWS.stg_btc_outputs
    )

    
)

select 
    hash_key,
    block_number,
    block_timestamp,
    is_coinbase,
    output_address,
    output_value
from flattened_outputs
  );
[0m21:27:39.312961 [debug] [Thread-1 (]: SQL status: SUCCESS 1 in 0.867 seconds
[0m21:27:39.319027 [debug] [Thread-1 (]: Using snowflake connection "model.crypto.stg_btc_outputs"
[0m21:27:39.319470 [debug] [Thread-1 (]: On model.crypto.stg_btc_outputs: /* {"app": "dbt", "dbt_version": "1.9.4", "profile_name": "CRYPTO", "target_name": "dev", "node_id": "model.crypto.stg_btc_outputs"} */
describe table CRYPTO.DBT_MICOWS.stg_btc_outputs__dbt_tmp
[0m21:27:39.886050 [debug] [Thread-1 (]: SQL status: SUCCESS 6 in 0.566 seconds
[0m21:27:39.891241 [debug] [Thread-1 (]: Using snowflake connection "model.crypto.stg_btc_outputs"
[0m21:27:39.891769 [debug] [Thread-1 (]: On model.crypto.stg_btc_outputs: /* {"app": "dbt", "dbt_version": "1.9.4", "profile_name": "CRYPTO", "target_name": "dev", "node_id": "model.crypto.stg_btc_outputs"} */
describe table CRYPTO.DBT_MICOWS.stg_btc_outputs
[0m21:27:40.374219 [debug] [Thread-1 (]: SQL status: SUCCESS 6 in 0.482 seconds
[0m21:27:40.379478 [debug] [Thread-1 (]: Using snowflake connection "model.crypto.stg_btc_outputs"
[0m21:27:40.379950 [debug] [Thread-1 (]: On model.crypto.stg_btc_outputs: /* {"app": "dbt", "dbt_version": "1.9.4", "profile_name": "CRYPTO", "target_name": "dev", "node_id": "model.crypto.stg_btc_outputs"} */
describe table "CRYPTO"."DBT_MICOWS"."STG_BTC_OUTPUTS"
[0m21:27:40.932935 [debug] [Thread-1 (]: SQL status: SUCCESS 6 in 0.552 seconds
[0m21:27:40.943263 [debug] [Thread-1 (]: Writing runtime sql for node "model.crypto.stg_btc_outputs"
[0m21:27:40.944404 [debug] [Thread-1 (]: Using snowflake connection "model.crypto.stg_btc_outputs"
[0m21:27:40.944702 [debug] [Thread-1 (]: On model.crypto.stg_btc_outputs: /* {"app": "dbt", "dbt_version": "1.9.4", "profile_name": "CRYPTO", "target_name": "dev", "node_id": "model.crypto.stg_btc_outputs"} */
BEGIN
[0m21:27:41.485874 [debug] [Thread-1 (]: SQL status: SUCCESS 1 in 0.541 seconds
[0m21:27:41.487045 [debug] [Thread-1 (]: Using snowflake connection "model.crypto.stg_btc_outputs"
[0m21:27:41.487752 [debug] [Thread-1 (]: On model.crypto.stg_btc_outputs: /* {"app": "dbt", "dbt_version": "1.9.4", "profile_name": "CRYPTO", "target_name": "dev", "node_id": "model.crypto.stg_btc_outputs"} */
insert into CRYPTO.DBT_MICOWS.stg_btc_outputs ("HASH_KEY", "BLOCK_NUMBER", "BLOCK_TIMESTAMP", "IS_COINBASE", "OUTPUT_ADDRESS", "OUTPUT_VALUE")
    (
        select "HASH_KEY", "BLOCK_NUMBER", "BLOCK_TIMESTAMP", "IS_COINBASE", "OUTPUT_ADDRESS", "OUTPUT_VALUE"
        from CRYPTO.DBT_MICOWS.stg_btc_outputs__dbt_tmp
    )

;
[0m21:27:43.445378 [debug] [Thread-1 (]: SQL status: SUCCESS 0 in 1.957 seconds
[0m21:27:43.446506 [debug] [Thread-1 (]: Using snowflake connection "model.crypto.stg_btc_outputs"
[0m21:27:43.446968 [debug] [Thread-1 (]: On model.crypto.stg_btc_outputs: /* {"app": "dbt", "dbt_version": "1.9.4", "profile_name": "CRYPTO", "target_name": "dev", "node_id": "model.crypto.stg_btc_outputs"} */
COMMIT
[0m21:27:44.469016 [debug] [Thread-1 (]: SQL status: SUCCESS 1 in 1.022 seconds
[0m21:27:44.473323 [debug] [Thread-1 (]: Applying DROP to: CRYPTO.DBT_MICOWS.stg_btc_outputs__dbt_tmp
[0m21:27:44.474386 [debug] [Thread-1 (]: Using snowflake connection "model.crypto.stg_btc_outputs"
[0m21:27:44.474754 [debug] [Thread-1 (]: On model.crypto.stg_btc_outputs: /* {"app": "dbt", "dbt_version": "1.9.4", "profile_name": "CRYPTO", "target_name": "dev", "node_id": "model.crypto.stg_btc_outputs"} */
drop view if exists CRYPTO.DBT_MICOWS.stg_btc_outputs__dbt_tmp cascade
[0m21:27:45.066932 [debug] [Thread-1 (]: SQL status: SUCCESS 1 in 0.592 seconds
[0m21:27:45.070617 [debug] [Thread-1 (]: Sending event: {'category': 'dbt', 'action': 'run_model', 'label': '6f8b2d5f-0649-4867-9f5c-6239587cf8b3', 'context': [<snowplow_tracker.self_describing_json.SelfDescribingJson object at 0x110e260d0>]}
[0m21:27:45.071352 [info ] [Thread-1 (]: 3 of 7 OK created sql incremental model DBT_MICOWS.stg_btc_outputs ............. [[32mSUCCESS 0[0m in 6.64s]
[0m21:27:45.071852 [debug] [Thread-1 (]: Finished running node model.crypto.stg_btc_outputs
[0m21:27:45.072209 [debug] [Thread-1 (]: Began running node model.crypto.stg_btc_outputs_py
[0m21:27:45.072688 [info ] [Thread-1 (]: 4 of 7 START python incremental model DBT_MICOWS.stg_btc_outputs_py ............ [RUN]
[0m21:27:45.073502 [debug] [Thread-1 (]: Re-using an available connection from the pool (formerly model.crypto.stg_btc_outputs, now model.crypto.stg_btc_outputs_py)
[0m21:27:45.073949 [debug] [Thread-1 (]: Began compiling node model.crypto.stg_btc_outputs_py
[0m21:27:45.093460 [debug] [Thread-1 (]: Writing injected SQL for node "model.crypto.stg_btc_outputs_py"
[0m21:27:45.094153 [debug] [Thread-1 (]: Began executing node model.crypto.stg_btc_outputs_py
[0m21:27:45.102709 [debug] [Thread-1 (]: Using snowflake connection "model.crypto.stg_btc_outputs_py"
[0m21:27:45.103078 [debug] [Thread-1 (]: On model.crypto.stg_btc_outputs_py: /* {"app": "dbt", "dbt_version": "1.9.4", "profile_name": "CRYPTO", "target_name": "dev", "node_id": "model.crypto.stg_btc_outputs_py"} */
WITH stg_btc_outputs_py__dbt_sp AS PROCEDURE ()

RETURNS STRING
LANGUAGE PYTHON
RUNTIME_VERSION = '3.9'
PACKAGES = ('pandas', 'simplejson', 'snowflake-snowpark-python')



HANDLER = 'main'
EXECUTE AS CALLER
AS
$$

import sys
sys._xoptions['snowflake_partner_attribution'].append("dbtLabs_dbtPython")


  
    

import pandas as pd
import simplejson

def model(dbt, session):

    dbt.config(
        materialized='incremental',
        packages=[
            'pandas',
            'simplejson'
        ]
    )

    df = dbt.ref('stg_btc_base').to_pandas()

    df['OUTPUTS'] = df['OUTPUTS'].apply(simplejson.loads)
    df_exploded = df.explode('OUTPUTS').reset_index(drop=True)
    df_outputs = pd.json_normalize(df_exploded['OUTPUTS'])[['address', 'value']]

    df_final = pd.concat([df_exploded.drop(columns=['OUTPUTS']), df_outputs], axis=1)
    df_final = df_final[df_final['address'].notnull()]
    df_final.columns = [col.upper() for col in df_final.columns]

    return df_final


# This part is user provided model code
# you will need to copy the next section to run the code
# COMMAND ----------
# this part is dbt logic for get ref work, do not modify

def ref(*args, **kwargs):
    refs = {"stg_btc_base": "CRYPTO.DBT_MICOWS.stg_btc_base"}
    key = '.'.join(args)
    version = kwargs.get("v") or kwargs.get("version")
    if version:
        key += f".v{version}"
    dbt_load_df_function = kwargs.get("dbt_load_df_function")
    return dbt_load_df_function(refs[key])


def source(*args, dbt_load_df_function):
    sources = {}
    key = '.'.join(args)
    return dbt_load_df_function(sources[key])


config_dict = {}


class config:
    def __init__(self, *args, **kwargs):
        pass

    @staticmethod
    def get(key, default=None):
        return config_dict.get(key, default)

class this:
    """dbt.this() or dbt.this.identifier"""
    database = "CRYPTO"
    schema = "DBT_MICOWS"
    identifier = "stg_btc_outputs_py"
    
    def __repr__(self):
        return 'CRYPTO.DBT_MICOWS.stg_btc_outputs_py'


class dbtObj:
    def __init__(self, load_df_function) -> None:
        self.source = lambda *args: source(*args, dbt_load_df_function=load_df_function)
        self.ref = lambda *args, **kwargs: ref(*args, **kwargs, dbt_load_df_function=load_df_function)
        self.config = config
        self.this = this()
        self.is_incremental = True

# COMMAND ----------





def materialize(session, df, target_relation):
    # make sure pandas exists
    import importlib.util
    package_name = 'pandas'
    if importlib.util.find_spec(package_name):
        import pandas
        if isinstance(df, pandas.core.frame.DataFrame):
            session.use_database(target_relation.database)
            session.use_schema(target_relation.schema)
            # session.write_pandas does not have overwrite function
            df = session.createDataFrame(df)
    
    df.write.mode("overwrite").save_as_table('CRYPTO.DBT_MICOWS.stg_btc_outputs_py__dbt_tmp', table_type='transient')


def main(session):
    dbt = dbtObj(session.table)
    df = model(dbt, session)
    materialize(session, df, dbt.this)
    return "OK"


  
$$
CALL stg_btc_outputs_py__dbt_sp();
[0m21:29:58.303600 [debug] [Thread-1 (]: SQL status: SUCCESS 1 in 133.201 seconds
[0m21:29:58.309968 [debug] [Thread-1 (]: Using snowflake connection "model.crypto.stg_btc_outputs_py"
[0m21:29:58.310403 [debug] [Thread-1 (]: On model.crypto.stg_btc_outputs_py: /* {"app": "dbt", "dbt_version": "1.9.4", "profile_name": "CRYPTO", "target_name": "dev", "node_id": "model.crypto.stg_btc_outputs_py"} */
describe table CRYPTO.DBT_MICOWS.stg_btc_outputs_py__dbt_tmp
[0m21:29:58.626203 [debug] [Thread-1 (]: SQL status: SUCCESS 11 in 0.315 seconds
[0m21:29:58.632307 [debug] [Thread-1 (]: Using snowflake connection "model.crypto.stg_btc_outputs_py"
[0m21:29:58.632786 [debug] [Thread-1 (]: On model.crypto.stg_btc_outputs_py: /* {"app": "dbt", "dbt_version": "1.9.4", "profile_name": "CRYPTO", "target_name": "dev", "node_id": "model.crypto.stg_btc_outputs_py"} */
describe table CRYPTO.DBT_MICOWS.stg_btc_outputs_py
[0m21:29:58.962321 [debug] [Thread-1 (]: SQL status: SUCCESS 11 in 0.329 seconds
[0m21:29:58.965963 [debug] [Thread-1 (]: Using snowflake connection "model.crypto.stg_btc_outputs_py"
[0m21:29:58.966286 [debug] [Thread-1 (]: On model.crypto.stg_btc_outputs_py: /* {"app": "dbt", "dbt_version": "1.9.4", "profile_name": "CRYPTO", "target_name": "dev", "node_id": "model.crypto.stg_btc_outputs_py"} */
describe table "CRYPTO"."DBT_MICOWS"."STG_BTC_OUTPUTS_PY"
[0m21:29:59.334711 [debug] [Thread-1 (]: SQL status: SUCCESS 11 in 0.368 seconds
[0m21:29:59.342447 [debug] [Thread-1 (]: Writing runtime sql for node "model.crypto.stg_btc_outputs_py"
[0m21:29:59.344380 [debug] [Thread-1 (]: Using snowflake connection "model.crypto.stg_btc_outputs_py"
[0m21:29:59.344775 [debug] [Thread-1 (]: On model.crypto.stg_btc_outputs_py: /* {"app": "dbt", "dbt_version": "1.9.4", "profile_name": "CRYPTO", "target_name": "dev", "node_id": "model.crypto.stg_btc_outputs_py"} */
-- back compat for old kwarg name
  
  begin;
[0m21:29:59.767142 [debug] [Thread-1 (]: SQL status: SUCCESS 1 in 0.422 seconds
[0m21:29:59.768264 [debug] [Thread-1 (]: Using snowflake connection "model.crypto.stg_btc_outputs_py"
[0m21:29:59.768762 [debug] [Thread-1 (]: On model.crypto.stg_btc_outputs_py: /* {"app": "dbt", "dbt_version": "1.9.4", "profile_name": "CRYPTO", "target_name": "dev", "node_id": "model.crypto.stg_btc_outputs_py"} */
insert into CRYPTO.DBT_MICOWS.stg_btc_outputs_py ("HASH_KEY", "BLOCK_HASH", "BLOCK_NUMBER", "BLOCK_TIMESTAMP", "FEE", "INPUT_VALUE", "OUTPUT_VALUE", "FEE_PER_BYTE", "IS_COINBASE", "ADDRESS", "VALUE")
        (
            select "HASH_KEY", "BLOCK_HASH", "BLOCK_NUMBER", "BLOCK_TIMESTAMP", "FEE", "INPUT_VALUE", "OUTPUT_VALUE", "FEE_PER_BYTE", "IS_COINBASE", "ADDRESS", "VALUE"
            from CRYPTO.DBT_MICOWS.stg_btc_outputs_py__dbt_tmp
        );
[0m21:30:03.734977 [debug] [Thread-1 (]: SQL status: SUCCESS 3349551 in 3.966 seconds
[0m21:30:03.735950 [debug] [Thread-1 (]: Using snowflake connection "model.crypto.stg_btc_outputs_py"
[0m21:30:03.736380 [debug] [Thread-1 (]: On model.crypto.stg_btc_outputs_py: /* {"app": "dbt", "dbt_version": "1.9.4", "profile_name": "CRYPTO", "target_name": "dev", "node_id": "model.crypto.stg_btc_outputs_py"} */
COMMIT
[0m21:30:04.655908 [debug] [Thread-1 (]: SQL status: SUCCESS 1 in 0.919 seconds
[0m21:30:04.660666 [debug] [Thread-1 (]: Applying DROP to: CRYPTO.DBT_MICOWS.stg_btc_outputs_py__dbt_tmp
[0m21:30:04.665459 [debug] [Thread-1 (]: Using snowflake connection "model.crypto.stg_btc_outputs_py"
[0m21:30:04.665910 [debug] [Thread-1 (]: On model.crypto.stg_btc_outputs_py: /* {"app": "dbt", "dbt_version": "1.9.4", "profile_name": "CRYPTO", "target_name": "dev", "node_id": "model.crypto.stg_btc_outputs_py"} */
drop table if exists CRYPTO.DBT_MICOWS.stg_btc_outputs_py__dbt_tmp cascade
[0m21:30:05.304356 [debug] [Thread-1 (]: SQL status: SUCCESS 1 in 0.638 seconds
[0m21:30:05.307667 [debug] [Thread-1 (]: Sending event: {'category': 'dbt', 'action': 'run_model', 'label': '6f8b2d5f-0649-4867-9f5c-6239587cf8b3', 'context': [<snowplow_tracker.self_describing_json.SelfDescribingJson object at 0x110cef0e0>]}
[0m21:30:05.308596 [info ] [Thread-1 (]: 4 of 7 OK created python incremental model DBT_MICOWS.stg_btc_outputs_py ....... [[32mSUCCESS 3349551[0m in 140.23s]
[0m21:30:05.309303 [debug] [Thread-1 (]: Finished running node model.crypto.stg_btc_outputs_py
[0m21:30:05.309706 [debug] [Thread-1 (]: Began running node model.crypto.stg_eth_value
[0m21:30:05.310195 [info ] [Thread-1 (]: 5 of 7 START sql view model DBT_MICOWS.stg_eth_value ........................... [RUN]
[0m21:30:05.310673 [debug] [Thread-1 (]: Re-using an available connection from the pool (formerly model.crypto.stg_btc_outputs_py, now model.crypto.stg_eth_value)
[0m21:30:05.310979 [debug] [Thread-1 (]: Began compiling node model.crypto.stg_eth_value
[0m21:30:05.313852 [debug] [Thread-1 (]: Writing injected SQL for node "model.crypto.stg_eth_value"
[0m21:30:05.314683 [debug] [Thread-1 (]: Began executing node model.crypto.stg_eth_value
[0m21:30:05.327861 [debug] [Thread-1 (]: Writing runtime sql for node "model.crypto.stg_eth_value"
[0m21:30:05.328780 [debug] [Thread-1 (]: Using snowflake connection "model.crypto.stg_eth_value"
[0m21:30:05.329049 [debug] [Thread-1 (]: On model.crypto.stg_eth_value: /* {"app": "dbt", "dbt_version": "1.9.4", "profile_name": "CRYPTO", "target_name": "dev", "node_id": "model.crypto.stg_eth_value"} */
create or replace   view CRYPTO.DBT_MICOWS.stg_eth_value
  
   as (
    

select 
    hash_key,
    block_number,
    block_timestamp,
    to_address,
    value_wei / 1e18 as value_eth
from CRYPTO.DBT_MICOWS.stg_eth_base
  );
[0m21:30:05.987843 [debug] [Thread-1 (]: SQL status: SUCCESS 1 in 0.658 seconds
[0m21:30:05.994671 [debug] [Thread-1 (]: Sending event: {'category': 'dbt', 'action': 'run_model', 'label': '6f8b2d5f-0649-4867-9f5c-6239587cf8b3', 'context': [<snowplow_tracker.self_describing_json.SelfDescribingJson object at 0x110e43ad0>]}
[0m21:30:05.995606 [info ] [Thread-1 (]: 5 of 7 OK created sql view model DBT_MICOWS.stg_eth_value ...................... [[32mSUCCESS 1[0m in 0.68s]
[0m21:30:05.996282 [debug] [Thread-1 (]: Finished running node model.crypto.stg_eth_value
[0m21:30:05.996732 [debug] [Thread-1 (]: Began running node model.crypto.stg_btc_non_coinbase_transactions
[0m21:30:05.997258 [debug] [Thread-1 (]: Re-using an available connection from the pool (formerly model.crypto.stg_eth_value, now model.crypto.stg_btc_non_coinbase_transactions)
[0m21:30:05.997750 [debug] [Thread-1 (]: Began compiling node model.crypto.stg_btc_non_coinbase_transactions
[0m21:30:06.001744 [debug] [Thread-1 (]: Writing injected SQL for node "model.crypto.stg_btc_non_coinbase_transactions"
[0m21:30:06.003297 [debug] [Thread-1 (]: Finished running node model.crypto.stg_btc_non_coinbase_transactions
[0m21:30:06.003853 [debug] [Thread-1 (]: Began running node model.crypto.eth_whale_alert
[0m21:30:06.004660 [info ] [Thread-1 (]: 6 of 7 START sql view model DBT_MICOWS.eth_whale_alert ......................... [RUN]
[0m21:30:06.005378 [debug] [Thread-1 (]: Re-using an available connection from the pool (formerly model.crypto.stg_btc_non_coinbase_transactions, now model.crypto.eth_whale_alert)
[0m21:30:06.005736 [debug] [Thread-1 (]: Began compiling node model.crypto.eth_whale_alert
[0m21:30:06.009198 [debug] [Thread-1 (]: Writing injected SQL for node "model.crypto.eth_whale_alert"
[0m21:30:06.010201 [debug] [Thread-1 (]: Began executing node model.crypto.eth_whale_alert
[0m21:30:06.012760 [debug] [Thread-1 (]: Writing runtime sql for node "model.crypto.eth_whale_alert"
[0m21:30:06.014125 [debug] [Thread-1 (]: Using snowflake connection "model.crypto.eth_whale_alert"
[0m21:30:06.014432 [debug] [Thread-1 (]: On model.crypto.eth_whale_alert: /* {"app": "dbt", "dbt_version": "1.9.4", "profile_name": "CRYPTO", "target_name": "dev", "node_id": "model.crypto.eth_whale_alert"} */
create or replace   view CRYPTO.DBT_MICOWS.eth_whale_alert
  
   as (
    with whales as (
    
    select
        to_address,
        sum(value_eth) as total_sent,
        count(*) as transaction_count
    from CRYPTO.DBT_MICOWS.stg_eth_value
    where value_eth >= 100
    group by to_address

)

select 
    to_address,
    total_sent,
    transaction_count
from whales 
order by total_sent desc
  );
[0m21:30:07.193386 [debug] [Thread-1 (]: SQL status: SUCCESS 1 in 1.178 seconds
[0m21:30:07.196400 [debug] [Thread-1 (]: Using snowflake connection "model.crypto.eth_whale_alert"
[0m21:30:07.196865 [debug] [Thread-1 (]: On model.crypto.eth_whale_alert: /* {"app": "dbt", "dbt_version": "1.9.4", "profile_name": "CRYPTO", "target_name": "dev", "node_id": "model.crypto.eth_whale_alert"} */
select 1 as id
[0m21:30:07.494021 [debug] [Thread-1 (]: SQL status: SUCCESS 1 in 0.297 seconds
[0m21:30:07.496895 [debug] [Thread-1 (]: Sending event: {'category': 'dbt', 'action': 'run_model', 'label': '6f8b2d5f-0649-4867-9f5c-6239587cf8b3', 'context': [<snowplow_tracker.self_describing_json.SelfDescribingJson object at 0x110e437d0>]}
[0m21:30:07.497766 [info ] [Thread-1 (]: 6 of 7 OK created sql view model DBT_MICOWS.eth_whale_alert .................... [[32mSUCCESS 1[0m in 1.49s]
[0m21:30:07.498439 [debug] [Thread-1 (]: Finished running node model.crypto.eth_whale_alert
[0m21:30:07.498877 [debug] [Thread-1 (]: Began running node model.crypto.btc_whale_alert.v2
[0m21:30:07.499424 [info ] [Thread-1 (]: 7 of 7 START sql view model DBT_MICOWS.btc_whale_alert_v2 ...................... [RUN]
[0m21:30:07.499970 [debug] [Thread-1 (]: Re-using an available connection from the pool (formerly model.crypto.eth_whale_alert, now model.crypto.btc_whale_alert.v2)
[0m21:30:07.500371 [debug] [Thread-1 (]: Began compiling node model.crypto.btc_whale_alert.v2
[0m21:30:07.508450 [debug] [Thread-1 (]: Writing injected SQL for node "model.crypto.btc_whale_alert.v2"
[0m21:30:07.510012 [debug] [Thread-1 (]: Began executing node model.crypto.btc_whale_alert.v2
[0m21:30:07.525839 [debug] [Thread-1 (]: Using snowflake connection "model.crypto.btc_whale_alert.v2"
[0m21:30:07.526368 [debug] [Thread-1 (]: On model.crypto.btc_whale_alert.v2: /* {"app": "dbt", "dbt_version": "1.9.4", "profile_name": "CRYPTO", "target_name": "dev", "node_id": "model.crypto.btc_whale_alert.v2"} */
/* {"app": "dbt", "dbt_version": "1.9.4", "profile_name": "CRYPTO", "target_name": "dev", "node_id": "model.crypto.btc_whale_alert.v2"} */
select * from (
        with  __dbt__cte__stg_btc_non_coinbase_transactions as (


select *
from 
    CRYPTO.DBT_MICOWS.stg_btc_outputs
where
    is_coinbase = false
), whales as (

    select
        output_address,
        sum(output_value) as total_sent,
        count(*) as transaction_count
    from __dbt__cte__stg_btc_non_coinbase_transactions
    where output_value > 10
    group by output_address

)

select
    output_address,
    total_sent,
    transaction_count
from whales 
order by total_sent desc
    ) as __dbt_sbq
    where false
    limit 0
[0m21:30:08.134035 [debug] [Thread-1 (]: SQL status: SUCCESS 0 in 0.607 seconds
[0m21:30:08.149754 [debug] [Thread-1 (]: Using snowflake connection "model.crypto.btc_whale_alert.v2"
[0m21:30:08.150516 [debug] [Thread-1 (]: On model.crypto.btc_whale_alert.v2: /* {"app": "dbt", "dbt_version": "1.9.4", "profile_name": "CRYPTO", "target_name": "dev", "node_id": "model.crypto.btc_whale_alert.v2"} */
/* {"app": "dbt", "dbt_version": "1.9.4", "profile_name": "CRYPTO", "target_name": "dev", "node_id": "model.crypto.btc_whale_alert.v2"} */
select * from (
        select
    
      
    cast(null as TEXT)
     as output_address, 
      
    cast(null as float)
     as total_sent, 
      
    cast(null as int)
     as transaction_count
    ) as __dbt_sbq
    where false
    limit 0
[0m21:30:08.743635 [debug] [Thread-1 (]: SQL status: SUCCESS 0 in 0.593 seconds
[0m21:30:08.750460 [debug] [Thread-1 (]: Writing runtime sql for node "model.crypto.btc_whale_alert.v2"
[0m21:30:08.752582 [debug] [Thread-1 (]: Using snowflake connection "model.crypto.btc_whale_alert.v2"
[0m21:30:08.752969 [debug] [Thread-1 (]: On model.crypto.btc_whale_alert.v2: /* {"app": "dbt", "dbt_version": "1.9.4", "profile_name": "CRYPTO", "target_name": "dev", "node_id": "model.crypto.btc_whale_alert.v2"} */
create or replace   view CRYPTO.DBT_MICOWS.btc_whale_alert_v2
  
   as (
    with  __dbt__cte__stg_btc_non_coinbase_transactions as (


select *
from 
    CRYPTO.DBT_MICOWS.stg_btc_outputs
where
    is_coinbase = false
), whales as (

    select
        output_address,
        sum(output_value) as total_sent,
        count(*) as transaction_count
    from __dbt__cte__stg_btc_non_coinbase_transactions
    where output_value > 10
    group by output_address

)

select
    output_address,
    total_sent,
    transaction_count
from whales 
order by total_sent desc
  );
[0m21:30:09.573154 [debug] [Thread-1 (]: SQL status: SUCCESS 1 in 0.820 seconds
[0m21:30:09.576498 [info ] [Thread-1 (]: Creating view CRYPTO.DBT_MICOWS.btc_whale_alert pointing to CRYPTO.DBT_MICOWS.btc_whale_alert_v2
[0m21:30:09.577455 [debug] [Thread-1 (]: Using snowflake connection "model.crypto.btc_whale_alert.v2"
[0m21:30:09.577909 [debug] [Thread-1 (]: On model.crypto.btc_whale_alert.v2: /* {"app": "dbt", "dbt_version": "1.9.4", "profile_name": "CRYPTO", "target_name": "dev", "node_id": "model.crypto.btc_whale_alert.v2"} */
create or replace view CRYPTO.DBT_MICOWS.btc_whale_alert
              as select * from CRYPTO.DBT_MICOWS.btc_whale_alert_v2
[0m21:30:10.390931 [debug] [Thread-1 (]: SQL status: SUCCESS 1 in 0.812 seconds
[0m21:30:10.394076 [debug] [Thread-1 (]: Sending event: {'category': 'dbt', 'action': 'run_model', 'label': '6f8b2d5f-0649-4867-9f5c-6239587cf8b3', 'context': [<snowplow_tracker.self_describing_json.SelfDescribingJson object at 0x110bf3290>]}
[0m21:30:10.395138 [info ] [Thread-1 (]: 7 of 7 OK created sql view model DBT_MICOWS.btc_whale_alert_v2 ................. [[32mSUCCESS 1[0m in 2.89s]
[0m21:30:10.395860 [debug] [Thread-1 (]: Finished running node model.crypto.btc_whale_alert.v2
[0m21:30:10.397672 [debug] [MainThread]: Connection 'master' was properly closed.
[0m21:30:10.398057 [debug] [MainThread]: Connection 'model.crypto.btc_whale_alert.v2' was left open.
[0m21:30:10.398380 [debug] [MainThread]: On model.crypto.btc_whale_alert.v2: Close
[0m21:30:11.016766 [info ] [MainThread]: 
[0m21:30:11.017671 [info ] [MainThread]: Finished running 4 incremental models, 3 view models in 0 hours 2 minutes and 50.72 seconds (170.72s).
[0m21:30:11.019528 [debug] [MainThread]: Command end result
[0m21:30:11.066440 [debug] [MainThread]: Wrote artifact WritableManifest to /Users/michalowsiak/Documents/dev/btc-project/CRYPTO/transform/target/manifest.json
[0m21:30:11.068181 [debug] [MainThread]: Wrote artifact SemanticManifest to /Users/michalowsiak/Documents/dev/btc-project/CRYPTO/transform/target/semantic_manifest.json
[0m21:30:11.072623 [debug] [MainThread]: Wrote artifact RunExecutionResult to /Users/michalowsiak/Documents/dev/btc-project/CRYPTO/transform/target/run_results.json
[0m21:30:11.072871 [info ] [MainThread]: 
[0m21:30:11.073127 [info ] [MainThread]: [32mCompleted successfully[0m
[0m21:30:11.073321 [info ] [MainThread]: 
[0m21:30:11.073518 [info ] [MainThread]: Done. PASS=7 WARN=0 ERROR=0 SKIP=0 TOTAL=7
[0m21:30:11.075749 [debug] [MainThread]: Resource report: {"command_name": "run", "command_success": true, "command_wall_clock_time": 172.48526, "process_in_blocks": "0", "process_kernel_time": 0.403225, "process_mem_max_rss": "181649408", "process_out_blocks": "0", "process_user_time": 3.437761}
[0m21:30:11.076114 [debug] [MainThread]: Command `dbt run` succeeded at 21:30:11.076041 after 172.49 seconds
[0m21:30:11.076393 [debug] [MainThread]: Sending event: {'category': 'dbt', 'action': 'invocation', 'label': 'end', 'context': [<snowplow_tracker.self_describing_json.SelfDescribingJson object at 0x105e209b0>, <snowplow_tracker.self_describing_json.SelfDescribingJson object at 0x110ebf9b0>, <snowplow_tracker.self_describing_json.SelfDescribingJson object at 0x110ebf950>]}
[0m21:30:11.076637 [debug] [MainThread]: Flushing usage events
[0m21:30:12.004851 [debug] [MainThread]: An error was encountered while trying to flush usage events
